<?xml version="1.0" encoding="UTF-8"?>
<testsuite xmlns:xsi="http://www.w3.org/2001/XMLSchema-instance" xsi:noNamespaceSchemaLocation="https://maven.apache.org/surefire/maven-surefire-plugin/xsd/surefire-test-report-3.0.xsd" version="3.0" name="org.example.evaluations.controllers.AzureControllerTests" time="7.921" tests="1" errors="0" skipped="0" failures="0">
  <properties>
[...]
</properties>
  <testcase name="testStoreSecretThroughAzureController" classname="org.example.evaluations.controllers.AzureControllerTests" time="0.307">
    <system-out><![CDATA[01:36:20.855 [main] INFO org.springframework.test.context.support.AnnotationConfigContextLoaderUtils -- Could not detect default configuration classes for test class [org.example.evaluations.controllers.AzureControllerTests]: AzureControllerTests does not declare any static, non-private, non-final, nested classes annotated with @Configuration.
01:36:21.099 [main] INFO org.springframework.boot.test.context.SpringBootTestContextBootstrapper -- Found @SpringBootConfiguration org.example.evaluations.MVC2EvaluationsApplication for test class org.example.evaluations.controllers.AzureControllerTests
01:36:21.429 [main] INFO org.springframework.boot.devtools.restart.RestartApplicationListener -- Restart disabled due to context in which it is running

  .   ____          _            __ _ _
 /\\ / ___'_ __ _ _(_)_ __  __ _ \ \ \ \
( ( )\___ | '_ | '_| | '_ \/ _` | \ \ \ \
 \\/  ___)| |_)| | | | | || (_| |  ) ) ) )
  '  |____| .__|_| |_|_| |_\__, | / / / /
 =========|_|==============|___/=/_/_/_/

 :: Spring Boot ::                (v3.3.2)

2025-02-14T01:36:22.034+05:30  INFO 8992 --- [Evaluations] [           main] o.e.e.controllers.AzureControllerTests   : Starting AzureControllerTests using Java 21.0.1 with PID 8992 (started by Vikas in C:\Users\Vikas\Documents\git\Project\prj\Qualifier1)
2025-02-14T01:36:22.037+05:30  INFO 8992 --- [Evaluations] [           main] o.e.e.controllers.AzureControllerTests   : No active profile set, falling back to 1 default profile: "default"
2025-02-14T01:36:27.909+05:30  INFO 8992 --- [Evaluations] [           main] o.e.e.controllers.AzureControllerTests   : Started AzureControllerTests in 6.506 seconds (process running for 8.664)
]]></system-out>
    <system-err><![CDATA[WARNING: A Java agent has been loaded dynamically (C:\Users\Vikas\.m2\repository\net\bytebuddy\byte-buddy-agent\1.14.18\byte-buddy-agent-1.14.18.jar)
WARNING: If a serviceability tool is in use, please run with -XX:+EnableDynamicAgentLoading to hide this warning
WARNING: If a serviceability tool is not in use, please run with -Djdk.instrument.traceUsage for more information
WARNING: Dynamic loading of agents will be disallowed by default in a future release
]]></system-err>
  </testcase>
</testsuite>